2024-11-27 18:22:30 -  - exec CUpdateClientPartner::__CollectRequestData
2024-11-27 18:22:30 -  - exec CUpdateClientPartner::GetHTTPPage
2024-11-27 18:22:35 -  - exec CUpdateClientPartner::ParseServerData
2024-11-27 18:22:35 -  - exec CUpdateClientPartner::GetUpdatesList
2024-11-27 18:22:35 -  - exec CUpdateClientPartner::__CollectRequestData
2024-11-27 18:22:35 -  - utf=Y&lang=ru&stable=Y&CANGZIP=Y&SUPD_DBS=MYSQL&XE=N&CLIENT_SITE=192.168.1.133&LICENSE_KEY=X&SUPD_STS=1&SUPD_URS=0&TYPENC=D&CLIENT_PHPVER=8.2.26&NGINX=Y&dbv=10.11.6&instm=main%2C24.0.796%2CY%3Bsender%2C24.200.0%2CN%3Bim%2C24.900.100%2CN%3Babtest%2C24.100.0%2CN%3Bb24connector%2C24.0.0%2CN%3Bperfmon%2C24.0.0%2CN%3Bblog%2C24.0.0%2CN%3Blists%2C24.400.0%2CN%3Bseo%2C24.300.0%2CN%3Bmail%2C24.300.0%2CN%3Bphotogallery%2C24.100.0%2CN%3Bbizproc%2C24.400.400%2CN%3Bsearch%2C24.0.0%2CN%3Bstatistic%2C24.100.0%2CN%3Bforum%2C24.100.300%2CN%3Bcurrency%2C24.0.0%2CN%3Bbitrix.eshop%2C24.0.0%2CN%3Bform%2C24.0.0%2CN%3Bfileman%2C24.100.0%2CN%3Badvertising%2C24.100.0%2CN%3Bmessageservice%2C24.500.0%2CN%3Bsecurity%2C24.0.0%2CN%3Bui%2C24.300.0%2CN%3Breport%2C24.100.0%2CN%3Bsupport%2C24.100.0%2CN%3Bvote%2C24.0.0%2CN%3Bclouds%2C24.100.0%2CN%3Bpull%2C24.400.100%2CN%3Bbitrix.sitecorporate%2C24.0.0%2CN%3Bcalendar%2C24.50.100%2CN%3Bsocialnetwork%2C24.0.0%2CN%3Btranslate%2C24.0.0%2CN%3Bworkflow%2C24.0.0%2CN%3Bstoreassist%2C24.0.0%2CN%3Blanding%2C24.400.300%2CN%3Bidea%2C24.100.0%2CN%3Bwebservice%2C24.0.0%2CN%3Biblock%2C24.0.200%2CN%3Bbitrixcloud%2C24.0.0%2CN%3Blocation%2C24.100.0%2CN%3Bsubscribe%2C24.0.0%2CN%3Blearning%2C24.300.0%2CN%3Bcatalog%2C24.100.300%2CN%3Bconversion%2C24.0.0%2CN%3Bbizprocdesigner%2C24.400.0%2CN%3Bsocialservices%2C24.0.200%2CN%3Bsale%2C24.200.50%2CN%3Bhighloadblock%2C24.0.201%2CN%3Brest%2C24.500.0%2CN%3Bwiki%2C24.100.0%2CN%3Bmobileapp%2C24.0.0%2CN&reqm=bitrix.eshop%2Cbitrix.sitecorporate&fullmoduleinfo=Y&SUPD_SRS=RU&SUPD_CMP=N
2024-11-27 18:22:35 -  - exec CUpdateClientPartner::GetHTTPPage
2024-11-27 18:22:37 -  - TIME GetUpdatesList(request) 1.459 sec
2024-11-27 18:22:37 -  - exec CUpdateClientPartner::ParseServerData
2024-11-27 18:22:37 -  - exec CUpdateClientPartner::__CollectRequestData
2024-11-27 18:22:37 -  - exec CUpdateClientPartner::GetHTTPPage
2024-11-27 18:22:37 -  - exec CUpdateClientPartner::ParseServerData
2024-12-04 08:55:03 -  - exec CUpdateClientPartner::__CollectRequestData
2024-12-04 08:55:03 -  - exec CUpdateClientPartner::GetHTTPPage
2024-12-04 08:55:59 - ERRCONN - Error connecting to www.1c-bitrix.ru: [0] php_network_getaddresses: getaddrinfo for www.1c-bitrix.ru failed: Temporary failure in name resolution
2024-12-04 08:55:59 -  - exec CUpdateClientPartner::GetUpdatesList
2024-12-04 08:55:59 -  - exec CUpdateClientPartner::__CollectRequestData
2024-12-04 08:55:59 -  - utf=Y&lang=ru&stable=Y&CANGZIP=Y&SUPD_DBS=MYSQL&XE=N&CLIENT_SITE=192.168.10.100&LICENSE_KEY=X&SUPD_STS=1&SUPD_URS=0&TYPENC=D&CLIENT_PHPVER=8.2.26&NGINX=Y&dbv=10.11.6&instm=main%2C24.0.796%2CY%3Bsender%2C24.200.0%2CN%3Bim%2C24.900.100%2CN%3Babtest%2C24.100.0%2CN%3Bb24connector%2C24.0.0%2CN%3Bperfmon%2C24.0.0%2CN%3Bblog%2C24.0.0%2CN%3Blists%2C24.400.0%2CN%3Bseo%2C24.300.0%2CN%3Bmail%2C24.300.0%2CN%3Bphotogallery%2C24.100.0%2CN%3Bbizproc%2C24.400.400%2CN%3Bsearch%2C24.0.0%2CN%3Bstatistic%2C24.100.0%2CN%3Bforum%2C24.100.300%2CN%3Bcurrency%2C24.0.0%2CN%3Bbitrix.eshop%2C24.0.0%2CN%3Bform%2C24.0.0%2CN%3Bfileman%2C24.100.0%2CN%3Badvertising%2C24.100.0%2CN%3Bmessageservice%2C24.500.0%2CN%3Bsecurity%2C24.0.0%2CN%3Bui%2C24.300.0%2CN%3Breport%2C24.100.0%2CN%3Bsupport%2C24.100.0%2CN%3Bvote%2C24.0.0%2CN%3Bclouds%2C24.100.0%2CN%3Bpull%2C24.400.100%2CN%3Bbitrix.sitecorporate%2C24.0.0%2CN%3Bcalendar%2C24.50.100%2CN%3Bsocialnetwork%2C24.0.0%2CN%3Btranslate%2C24.0.0%2CN%3Bworkflow%2C24.0.0%2CN%3Bstoreassist%2C24.0.0%2CN%3Blanding%2C24.400.300%2CN%3Bidea%2C24.100.0%2CN%3Bwebservice%2C24.0.0%2CN%3Biblock%2C24.0.200%2CN%3Bbitrixcloud%2C24.0.0%2CN%3Blocation%2C24.100.0%2CN%3Bsubscribe%2C24.0.0%2CN%3Blearning%2C24.300.0%2CN%3Bcatalog%2C24.100.300%2CN%3Bconversion%2C24.0.0%2CN%3Bbizprocdesigner%2C24.400.0%2CN%3Bsocialservices%2C24.0.200%2CN%3Bsale%2C24.200.50%2CN%3Bhighloadblock%2C24.0.201%2CN%3Brest%2C24.500.0%2CN%3Bwiki%2C24.100.0%2CN%3Bmobileapp%2C24.0.0%2CN&reqm=bitrix.eshop%2Cbitrix.sitecorporate&fullmoduleinfo=Y&SUPD_SRS=RU&SUPD_CMP=N
2024-12-04 08:55:59 -  - exec CUpdateClientPartner::GetHTTPPage
2024-12-04 08:56:55 - ERRCONN - Error connecting to www.1c-bitrix.ru: [0] php_network_getaddresses: getaddrinfo for www.1c-bitrix.ru failed: Temporary failure in name resolution
2024-12-04 08:56:55 -  - TIME GetUpdatesList(request) 56.059 sec
2024-12-04 08:56:55 - GUL02 - Ошибка соединения с сервером обновлений: [0] php_network_getaddresses: getaddrinfo for www.1c-bitrix.ru failed: Temporary failure in name resolution. Нет соединения с сервером обновлений. 
2024-12-04 08:56:55 -  - exec CUpdateClientPartner::__CollectRequestData
2024-12-04 08:56:55 -  - exec CUpdateClientPartner::GetHTTPPage
2024-12-04 08:57:51 - ERRCONN - Error connecting to www.1c-bitrix.ru: [0] php_network_getaddresses: getaddrinfo for www.1c-bitrix.ru failed: Temporary failure in name resolution
2024-12-04 08:58:50 -  - exec CUpdateClientPartner::__CollectRequestData
2024-12-04 08:58:50 -  - exec CUpdateClientPartner::GetHTTPPage
2024-12-04 08:59:46 - ERRCONN - Error connecting to www.1c-bitrix.ru: [0] php_network_getaddresses: getaddrinfo for www.1c-bitrix.ru failed: Temporary failure in name resolution
2024-12-04 08:59:46 -  - exec CUpdateClientPartner::GetUpdatesList
2024-12-04 08:59:46 -  - exec CUpdateClientPartner::__CollectRequestData
2024-12-04 08:59:46 -  - utf=Y&lang=ru&stable=Y&CANGZIP=Y&SUPD_DBS=MYSQL&XE=N&CLIENT_SITE=192.168.10.100&LICENSE_KEY=X&SUPD_STS=1&SUPD_URS=0&TYPENC=D&CLIENT_PHPVER=8.2.26&NGINX=Y&dbv=10.11.6&instm=main%2C24.0.796%2CY%3Bsender%2C24.200.0%2CN%3Bim%2C24.900.100%2CN%3Babtest%2C24.100.0%2CN%3Bb24connector%2C24.0.0%2CN%3Bperfmon%2C24.0.0%2CN%3Bblog%2C24.0.0%2CN%3Blists%2C24.400.0%2CN%3Bseo%2C24.300.0%2CN%3Bmail%2C24.300.0%2CN%3Bphotogallery%2C24.100.0%2CN%3Bbizproc%2C24.400.400%2CN%3Bsearch%2C24.0.0%2CN%3Bstatistic%2C24.100.0%2CN%3Bforum%2C24.100.300%2CN%3Bcurrency%2C24.0.0%2CN%3Bbitrix.eshop%2C24.0.0%2CN%3Bform%2C24.0.0%2CN%3Bfileman%2C24.100.0%2CN%3Badvertising%2C24.100.0%2CN%3Bmessageservice%2C24.500.0%2CN%3Bsecurity%2C24.0.0%2CN%3Bui%2C24.300.0%2CN%3Breport%2C24.100.0%2CN%3Bsupport%2C24.100.0%2CN%3Bvote%2C24.0.0%2CN%3Bclouds%2C24.100.0%2CN%3Bpull%2C24.400.100%2CN%3Bbitrix.sitecorporate%2C24.0.0%2CN%3Bcalendar%2C24.50.100%2CN%3Bsocialnetwork%2C24.0.0%2CN%3Btranslate%2C24.0.0%2CN%3Bworkflow%2C24.0.0%2CN%3Bstoreassist%2C24.0.0%2CN%3Blanding%2C24.400.300%2CN%3Bidea%2C24.100.0%2CN%3Bwebservice%2C24.0.0%2CN%3Biblock%2C24.0.200%2CN%3Bbitrixcloud%2C24.0.0%2CN%3Blocation%2C24.100.0%2CN%3Bsubscribe%2C24.0.0%2CN%3Blearning%2C24.300.0%2CN%3Bcatalog%2C24.100.300%2CN%3Bconversion%2C24.0.0%2CN%3Bbizprocdesigner%2C24.400.0%2CN%3Bsocialservices%2C24.0.200%2CN%3Bsale%2C24.200.50%2CN%3Bhighloadblock%2C24.0.201%2CN%3Brest%2C24.500.0%2CN%3Bwiki%2C24.100.0%2CN%3Bmobileapp%2C24.0.0%2CN&reqm=bitrix.eshop%2Cbitrix.sitecorporate&fullmoduleinfo=Y&SUPD_SRS=RU&SUPD_CMP=N
2024-12-04 08:59:46 -  - exec CUpdateClientPartner::GetHTTPPage
2024-12-04 09:00:42 - ERRCONN - Error connecting to www.1c-bitrix.ru: [0] php_network_getaddresses: getaddrinfo for www.1c-bitrix.ru failed: Temporary failure in name resolution
2024-12-04 09:00:42 -  - TIME GetUpdatesList(request) 56.053 sec
2024-12-04 09:00:42 - GUL02 - Ошибка соединения с сервером обновлений: [0] php_network_getaddresses: getaddrinfo for www.1c-bitrix.ru failed: Temporary failure in name resolution. Нет соединения с сервером обновлений. 
2024-12-04 09:00:42 -  - exec CUpdateClientPartner::__CollectRequestData
2024-12-04 09:00:42 -  - exec CUpdateClientPartner::GetHTTPPage
2024-12-04 09:01:38 - ERRCONN - Error connecting to www.1c-bitrix.ru: [0] php_network_getaddresses: getaddrinfo for www.1c-bitrix.ru failed: Temporary failure in name resolution
2024-12-08 15:09:26 -  - exec CUpdateClientPartner::__CollectRequestData
2024-12-08 15:09:26 -  - exec CUpdateClientPartner::GetHTTPPage
2024-12-08 15:10:22 - ERRCONN - Error connecting to www.1c-bitrix.ru: [0] php_network_getaddresses: getaddrinfo for www.1c-bitrix.ru failed: Temporary failure in name resolution
2024-12-08 15:10:22 -  - exec CUpdateClientPartner::GetUpdatesList
2024-12-08 15:10:22 -  - exec CUpdateClientPartner::__CollectRequestData
2024-12-08 15:10:22 -  - utf=Y&lang=ru&stable=Y&CANGZIP=Y&SUPD_DBS=MYSQL&XE=N&CLIENT_SITE=212.164.58.186&LICENSE_KEY=X&SUPD_STS=1&SUPD_URS=0&TYPENC=D&CLIENT_PHPVER=8.2.26&NGINX=Y&dbv=10.11.6&instm=main%2C24.0.796%2CY%3Bsender%2C24.200.0%2CN%3Bim%2C24.900.100%2CN%3Babtest%2C24.100.0%2CN%3Bb24connector%2C24.0.0%2CN%3Bperfmon%2C24.0.0%2CN%3Bblog%2C24.0.0%2CN%3Blists%2C24.400.0%2CN%3Bseo%2C24.300.0%2CN%3Bmail%2C24.300.0%2CN%3Bphotogallery%2C24.100.0%2CN%3Bbizproc%2C24.400.400%2CN%3Bsearch%2C24.0.0%2CN%3Bstatistic%2C24.100.0%2CN%3Bforum%2C24.100.300%2CN%3Bcurrency%2C24.0.0%2CN%3Bbitrix.eshop%2C24.0.0%2CN%3Bform%2C24.0.0%2CN%3Bfileman%2C24.100.0%2CN%3Badvertising%2C24.100.0%2CN%3Bmessageservice%2C24.500.0%2CN%3Bsecurity%2C24.0.0%2CN%3Bui%2C24.300.0%2CN%3Breport%2C24.100.0%2CN%3Bsupport%2C24.100.0%2CN%3Bvote%2C24.0.0%2CN%3Bclouds%2C24.100.0%2CN%3Bpull%2C24.400.100%2CN%3Bbitrix.sitecorporate%2C24.0.0%2CN%3Bcalendar%2C24.50.100%2CN%3Bsocialnetwork%2C24.0.0%2CN%3Btranslate%2C24.0.0%2CN%3Bworkflow%2C24.0.0%2CN%3Bstoreassist%2C24.0.0%2CN%3Blanding%2C24.400.300%2CN%3Bidea%2C24.100.0%2CN%3Bwebservice%2C24.0.0%2CN%3Biblock%2C24.0.200%2CN%3Bbitrixcloud%2C24.0.0%2CN%3Blocation%2C24.100.0%2CN%3Bsubscribe%2C24.0.0%2CN%3Blearning%2C24.300.0%2CN%3Bcatalog%2C24.100.300%2CN%3Bconversion%2C24.0.0%2CN%3Bbizprocdesigner%2C24.400.0%2CN%3Bsocialservices%2C24.0.200%2CN%3Bsale%2C24.200.50%2CN%3Bhighloadblock%2C24.0.201%2CN%3Brest%2C24.500.0%2CN%3Bwiki%2C24.100.0%2CN%3Bmobileapp%2C24.0.0%2CN&reqm=bitrix.eshop%2Cbitrix.sitecorporate&fullmoduleinfo=Y&SUPD_SRS=RU&SUPD_CMP=N
2024-12-08 15:10:22 -  - exec CUpdateClientPartner::GetHTTPPage
2024-12-08 15:11:18 - ERRCONN - Error connecting to www.1c-bitrix.ru: [0] php_network_getaddresses: getaddrinfo for www.1c-bitrix.ru failed: Temporary failure in name resolution
2024-12-08 15:11:18 -  - TIME GetUpdatesList(request) 56.05 sec
2024-12-08 15:11:18 - GUL02 - Ошибка соединения с сервером обновлений: [0] php_network_getaddresses: getaddrinfo for www.1c-bitrix.ru failed: Temporary failure in name resolution. Нет соединения с сервером обновлений. 
2024-12-08 15:11:18 -  - exec CUpdateClientPartner::__CollectRequestData
2024-12-08 15:11:18 -  - exec CUpdateClientPartner::GetHTTPPage
2024-12-08 15:12:14 - ERRCONN - Error connecting to www.1c-bitrix.ru: [0] php_network_getaddresses: getaddrinfo for www.1c-bitrix.ru failed: Temporary failure in name resolution
2024-12-08 15:13:11 -  - exec CUpdateClientPartner::__CollectRequestData
2024-12-08 15:13:11 -  - exec CUpdateClientPartner::GetHTTPPage
2024-12-08 15:14:08 - ERRCONN - Error connecting to www.1c-bitrix.ru: [0] php_network_getaddresses: getaddrinfo for www.1c-bitrix.ru failed: Temporary failure in name resolution
2024-12-08 15:14:08 -  - exec CUpdateClientPartner::GetUpdatesList
2024-12-08 15:14:08 -  - exec CUpdateClientPartner::__CollectRequestData
2024-12-08 15:14:08 -  - utf=Y&lang=ru&stable=Y&CANGZIP=Y&SUPD_DBS=MYSQL&XE=N&CLIENT_SITE=212.164.58.186&LICENSE_KEY=X&SUPD_STS=1&SUPD_URS=0&TYPENC=D&CLIENT_PHPVER=8.2.26&NGINX=Y&dbv=10.11.6&instm=main%2C24.0.796%2CY%3Bsender%2C24.200.0%2CN%3Bim%2C24.900.100%2CN%3Babtest%2C24.100.0%2CN%3Bb24connector%2C24.0.0%2CN%3Bperfmon%2C24.0.0%2CN%3Bblog%2C24.0.0%2CN%3Blists%2C24.400.0%2CN%3Bseo%2C24.300.0%2CN%3Bmail%2C24.300.0%2CN%3Bphotogallery%2C24.100.0%2CN%3Bbizproc%2C24.400.400%2CN%3Bsearch%2C24.0.0%2CN%3Bstatistic%2C24.100.0%2CN%3Bforum%2C24.100.300%2CN%3Bcurrency%2C24.0.0%2CN%3Bbitrix.eshop%2C24.0.0%2CN%3Bform%2C24.0.0%2CN%3Bfileman%2C24.100.0%2CN%3Badvertising%2C24.100.0%2CN%3Bmessageservice%2C24.500.0%2CN%3Bsecurity%2C24.0.0%2CN%3Bui%2C24.300.0%2CN%3Breport%2C24.100.0%2CN%3Bsupport%2C24.100.0%2CN%3Bvote%2C24.0.0%2CN%3Bclouds%2C24.100.0%2CN%3Bpull%2C24.400.100%2CN%3Bbitrix.sitecorporate%2C24.0.0%2CN%3Bcalendar%2C24.50.100%2CN%3Bsocialnetwork%2C24.0.0%2CN%3Btranslate%2C24.0.0%2CN%3Bworkflow%2C24.0.0%2CN%3Bstoreassist%2C24.0.0%2CN%3Blanding%2C24.400.300%2CN%3Bidea%2C24.100.0%2CN%3Bwebservice%2C24.0.0%2CN%3Biblock%2C24.0.200%2CN%3Bbitrixcloud%2C24.0.0%2CN%3Blocation%2C24.100.0%2CN%3Bsubscribe%2C24.0.0%2CN%3Blearning%2C24.300.0%2CN%3Bcatalog%2C24.100.300%2CN%3Bconversion%2C24.0.0%2CN%3Bbizprocdesigner%2C24.400.0%2CN%3Bsocialservices%2C24.0.200%2CN%3Bsale%2C24.200.50%2CN%3Bhighloadblock%2C24.0.201%2CN%3Brest%2C24.500.0%2CN%3Bwiki%2C24.100.0%2CN%3Bmobileapp%2C24.0.0%2CN&reqm=bitrix.eshop%2Cbitrix.sitecorporate&fullmoduleinfo=Y&SUPD_SRS=RU&SUPD_CMP=N
2024-12-08 15:14:08 -  - exec CUpdateClientPartner::GetHTTPPage
2024-12-08 15:15:04 - ERRCONN - Error connecting to www.1c-bitrix.ru: [0] php_network_getaddresses: getaddrinfo for www.1c-bitrix.ru failed: Temporary failure in name resolution
2024-12-08 15:15:04 -  - TIME GetUpdatesList(request) 56.059 sec
2024-12-08 15:15:04 - GUL02 - Ошибка соединения с сервером обновлений: [0] php_network_getaddresses: getaddrinfo for www.1c-bitrix.ru failed: Temporary failure in name resolution. Нет соединения с сервером обновлений. 
2024-12-08 15:15:04 -  - exec CUpdateClientPartner::__CollectRequestData
2024-12-08 15:15:04 -  - exec CUpdateClientPartner::GetHTTPPage
2024-12-08 15:16:00 - ERRCONN - Error connecting to www.1c-bitrix.ru: [0] php_network_getaddresses: getaddrinfo for www.1c-bitrix.ru failed: Temporary failure in name resolution
2024-12-10 12:30:55 -  - exec CUpdateClientPartner::__CollectRequestData
2024-12-10 12:30:55 -  - exec CUpdateClientPartner::GetHTTPPage
2024-12-10 12:31:00 -  - exec CUpdateClientPartner::ParseServerData
2024-12-10 12:31:00 -  - exec CUpdateClientPartner::GetUpdatesList
2024-12-10 12:31:00 -  - exec CUpdateClientPartner::__CollectRequestData
2024-12-10 12:31:00 -  - utf=Y&lang=ru&stable=Y&CANGZIP=Y&SUPD_DBS=MYSQL&XE=N&CLIENT_SITE=212.164.58.186&LICENSE_KEY=X&SUPD_STS=1&SUPD_URS=0&TYPENC=D&CLIENT_PHPVER=8.2.26&NGINX=Y&dbv=10.11.6&instm=main%2C24.0.796%2CY%3Bsender%2C24.200.0%2CN%3Bim%2C24.900.100%2CN%3Babtest%2C24.100.0%2CN%3Bb24connector%2C24.0.0%2CN%3Bperfmon%2C24.0.0%2CN%3Bblog%2C24.0.0%2CN%3Blists%2C24.400.0%2CN%3Bseo%2C24.300.0%2CN%3Bmail%2C24.300.0%2CN%3Bphotogallery%2C24.100.0%2CN%3Bbizproc%2C24.400.400%2CN%3Bsearch%2C24.0.0%2CN%3Bstatistic%2C24.100.0%2CN%3Bforum%2C24.100.300%2CN%3Bcurrency%2C24.0.0%2CN%3Bbitrix.eshop%2C24.0.0%2CN%3Bform%2C24.0.0%2CN%3Bfileman%2C24.100.0%2CN%3Badvertising%2C24.100.0%2CN%3Bmessageservice%2C24.500.0%2CN%3Bsecurity%2C24.0.0%2CN%3Bui%2C24.300.0%2CN%3Breport%2C24.100.0%2CN%3Bsupport%2C24.100.0%2CN%3Bvote%2C24.0.0%2CN%3Bclouds%2C24.100.0%2CN%3Bpull%2C24.400.100%2CN%3Bbitrix.sitecorporate%2C24.0.0%2CN%3Bcalendar%2C24.50.100%2CN%3Bsocialnetwork%2C24.0.0%2CN%3Btranslate%2C24.0.0%2CN%3Bworkflow%2C24.0.0%2CN%3Bstoreassist%2C24.0.0%2CN%3Blanding%2C24.400.300%2CN%3Bidea%2C24.100.0%2CN%3Bwebservice%2C24.0.0%2CN%3Biblock%2C24.0.200%2CN%3Bbitrixcloud%2C24.0.0%2CN%3Blocation%2C24.100.0%2CN%3Bsubscribe%2C24.0.0%2CN%3Blearning%2C24.300.0%2CN%3Bcatalog%2C24.100.300%2CN%3Bconversion%2C24.0.0%2CN%3Bbizprocdesigner%2C24.400.0%2CN%3Bsocialservices%2C24.0.200%2CN%3Bsale%2C24.200.50%2CN%3Bhighloadblock%2C24.0.201%2CN%3Brest%2C24.500.0%2CN%3Bwiki%2C24.100.0%2CN%3Bmobileapp%2C24.0.0%2CN&reqm=bitrix.eshop%2Cbitrix.sitecorporate&fullmoduleinfo=Y&SUPD_SRS=RU&SUPD_CMP=N
2024-12-10 12:31:00 -  - exec CUpdateClientPartner::GetHTTPPage
2024-12-10 12:31:06 -  - TIME GetUpdatesList(request) 5.748 sec
2024-12-10 12:31:06 -  - exec CUpdateClientPartner::ParseServerData
2024-12-10 12:31:06 -  - exec CUpdateClientPartner::__CollectRequestData
2024-12-10 12:31:06 -  - exec CUpdateClientPartner::GetHTTPPage
2024-12-10 12:31:16 -  - exec CUpdateClientPartner::ParseServerData
2024-12-11 04:16:57 -  - exec CUpdateClientPartner::GetUpdatesList
2024-12-11 04:16:57 -  - exec CUpdateClientPartner::__CollectRequestData
2024-12-11 04:16:57 -  - utf=Y&lang=ru&stable=Y&CANGZIP=Y&SUPD_DBS=MYSQL&XE=N&CLIENT_SITE=212.164.58.186&LICENSE_KEY=X&SUPD_STS=1&SUPD_URS=0&TYPENC=D&CLIENT_PHPVER=8.2.26&NGINX=Y&dbv=10.11.6&instm=main%2C24.0.796%2CY%3Bsender%2C24.200.0%2CN%3Bim%2C24.900.100%2CN%3Babtest%2C24.100.0%2CN%3Bb24connector%2C24.0.0%2CN%3Bperfmon%2C24.0.0%2CN%3Bblog%2C24.0.0%2CN%3Blists%2C24.400.0%2CN%3Bseo%2C24.300.0%2CN%3Bmail%2C24.300.0%2CN%3Bphotogallery%2C24.100.0%2CN%3Bbizproc%2C24.400.400%2CN%3Bsearch%2C24.0.0%2CN%3Bstatistic%2C24.100.0%2CN%3Bforum%2C24.100.300%2CN%3Bcurrency%2C24.0.0%2CN%3Bbitrix.eshop%2C24.0.0%2CN%3Bform%2C24.0.0%2CN%3Bfileman%2C24.100.0%2CN%3Badvertising%2C24.100.0%2CN%3Bmessageservice%2C24.500.0%2CN%3Bsecurity%2C24.0.0%2CN%3Bui%2C24.300.0%2CN%3Breport%2C24.100.0%2CN%3Bsupport%2C24.100.0%2CN%3Bvote%2C24.0.0%2CN%3Bclouds%2C24.100.0%2CN%3Bpull%2C24.400.100%2CN%3Bbitrix.sitecorporate%2C24.0.0%2CN%3Bcalendar%2C24.50.100%2CN%3Bsocialnetwork%2C24.0.0%2CN%3Btranslate%2C24.0.0%2CN%3Bworkflow%2C24.0.0%2CN%3Bstoreassist%2C24.0.0%2CN%3Blanding%2C24.400.300%2CN%3Bidea%2C24.100.0%2CN%3Bwebservice%2C24.0.0%2CN%3Biblock%2C24.0.200%2CN%3Bbitrixcloud%2C24.0.0%2CN%3Blocation%2C24.100.0%2CN%3Bsubscribe%2C24.0.0%2CN%3Blearning%2C24.300.0%2CN%3Bcatalog%2C24.100.300%2CN%3Bconversion%2C24.0.0%2CN%3Bbizprocdesigner%2C24.400.0%2CN%3Bsocialservices%2C24.0.200%2CN%3Bsale%2C24.200.50%2CN%3Bhighloadblock%2C24.0.201%2CN%3Brest%2C24.500.0%2CN%3Bwiki%2C24.100.0%2CN%3Bmobileapp%2C24.0.0%2CN&reqm=bitrix.eshop%2Cbitrix.sitecorporate&fullmoduleinfo=Y&SUPD_SRS=RU&SUPD_CMP=N
2024-12-11 04:16:57 -  - exec CUpdateClientPartner::GetHTTPPage
2024-12-11 04:17:09 -  - TIME GetUpdatesList(request) 12.118 sec
2024-12-11 04:17:09 -  - exec CUpdateClientPartner::ParseServerData
2024-12-11 12:32:07 -  - exec CUpdateClientPartner::GetUpdatesList
2024-12-11 12:32:07 -  - exec CUpdateClientPartner::__CollectRequestData
2024-12-11 12:32:07 -  - utf=Y&lang=ru&stable=Y&CANGZIP=Y&SUPD_DBS=MYSQL&XE=N&CLIENT_SITE=212.164.58.186&LICENSE_KEY=X&SUPD_STS=1&SUPD_URS=0&TYPENC=D&CLIENT_PHPVER=8.2.26&NGINX=Y&dbv=10.11.6&instm=main%2C24.0.796%2CY%3Bsender%2C24.200.0%2CN%3Bim%2C24.900.100%2CN%3Babtest%2C24.100.0%2CN%3Bb24connector%2C24.0.0%2CN%3Bperfmon%2C24.0.0%2CN%3Bblog%2C24.0.0%2CN%3Blists%2C24.400.0%2CN%3Bseo%2C24.300.0%2CN%3Bmail%2C24.300.0%2CN%3Bphotogallery%2C24.100.0%2CN%3Bbizproc%2C24.400.400%2CN%3Bsearch%2C24.0.0%2CN%3Bstatistic%2C24.100.0%2CN%3Bforum%2C24.100.300%2CN%3Bcurrency%2C24.0.0%2CN%3Bbitrix.eshop%2C24.0.0%2CN%3Bform%2C24.0.0%2CN%3Bfileman%2C24.100.0%2CN%3Badvertising%2C24.100.0%2CN%3Bmessageservice%2C24.500.0%2CN%3Bsecurity%2C24.0.0%2CN%3Bui%2C24.300.0%2CN%3Breport%2C24.100.0%2CN%3Bsupport%2C24.100.0%2CN%3Bvote%2C24.0.0%2CN%3Bclouds%2C24.100.0%2CN%3Bpull%2C24.400.100%2CN%3Bbitrix.sitecorporate%2C24.0.0%2CN%3Bcalendar%2C24.50.100%2CN%3Bsocialnetwork%2C24.0.0%2CN%3Btranslate%2C24.0.0%2CN%3Bworkflow%2C24.0.0%2CN%3Bstoreassist%2C24.0.0%2CN%3Blanding%2C24.400.300%2CN%3Bidea%2C24.100.0%2CN%3Bwebservice%2C24.0.0%2CN%3Biblock%2C24.0.200%2CN%3Bbitrixcloud%2C24.0.0%2CN%3Blocation%2C24.100.0%2CN%3Bsubscribe%2C24.0.0%2CN%3Blearning%2C24.300.0%2CN%3Bcatalog%2C24.100.300%2CN%3Bconversion%2C24.0.0%2CN%3Bbizprocdesigner%2C24.400.0%2CN%3Bsocialservices%2C24.0.200%2CN%3Bsale%2C24.200.50%2CN%3Bhighloadblock%2C24.0.201%2CN%3Brest%2C24.500.0%2CN%3Bwiki%2C24.100.0%2CN%3Bmobileapp%2C24.0.0%2CN&reqm=bitrix.eshop%2Cbitrix.sitecorporate&fullmoduleinfo=Y&SUPD_SRS=RU&SUPD_CMP=N
2024-12-11 12:32:07 -  - exec CUpdateClientPartner::GetHTTPPage
2024-12-11 12:32:07 -  - TIME GetUpdatesList(request) 0.213 sec
2024-12-11 12:32:07 -  - exec CUpdateClientPartner::ParseServerData
2024-12-11 12:32:15 -  - exec CUpdateClientPartner::GetUpdatesList
2024-12-11 12:32:15 -  - exec CUpdateClientPartner::__CollectRequestData
2024-12-11 12:32:15 -  - utf=Y&lang=ru&stable=Y&CANGZIP=Y&SUPD_DBS=MYSQL&XE=N&CLIENT_SITE=212.164.58.186&LICENSE_KEY=X&SUPD_STS=1&SUPD_URS=0&TYPENC=D&CLIENT_PHPVER=8.2.26&NGINX=Y&dbv=10.11.6&instm=main%2C24.0.796%2CY%3Bsender%2C24.200.0%2CN%3Bim%2C24.900.100%2CN%3Babtest%2C24.100.0%2CN%3Bb24connector%2C24.0.0%2CN%3Bperfmon%2C24.0.0%2CN%3Bblog%2C24.0.0%2CN%3Blists%2C24.400.0%2CN%3Bseo%2C24.300.0%2CN%3Bmail%2C24.300.0%2CN%3Bphotogallery%2C24.100.0%2CN%3Bbizproc%2C24.400.400%2CN%3Bsearch%2C24.0.0%2CN%3Bstatistic%2C24.100.0%2CN%3Bforum%2C24.100.300%2CN%3Bcurrency%2C24.0.0%2CN%3Bbitrix.eshop%2C24.0.0%2CN%3Bform%2C24.0.0%2CN%3Bfileman%2C24.100.0%2CN%3Badvertising%2C24.100.0%2CN%3Bmessageservice%2C24.500.0%2CN%3Bsecurity%2C24.0.0%2CN%3Bui%2C24.300.0%2CN%3Breport%2C24.100.0%2CN%3Bsupport%2C24.100.0%2CN%3Bvote%2C24.0.0%2CN%3Bclouds%2C24.100.0%2CN%3Bpull%2C24.400.100%2CN%3Bbitrix.sitecorporate%2C24.0.0%2CN%3Bcalendar%2C24.50.100%2CN%3Bsocialnetwork%2C24.0.0%2CN%3Btranslate%2C24.0.0%2CN%3Bworkflow%2C24.0.0%2CN%3Bstoreassist%2C24.0.0%2CN%3Blanding%2C24.400.300%2CN%3Bidea%2C24.100.0%2CN%3Bwebservice%2C24.0.0%2CN%3Biblock%2C24.0.200%2CN%3Bbitrixcloud%2C24.0.0%2CN%3Blocation%2C24.100.0%2CN%3Bsubscribe%2C24.0.0%2CN%3Blearning%2C24.300.0%2CN%3Bcatalog%2C24.100.300%2CN%3Bconversion%2C24.0.0%2CN%3Bbizprocdesigner%2C24.400.0%2CN%3Bsocialservices%2C24.0.200%2CN%3Bsale%2C24.200.50%2CN%3Bhighloadblock%2C24.0.201%2CN%3Brest%2C24.500.0%2CN%3Bwiki%2C24.100.0%2CN%3Bmobileapp%2C24.0.0%2CN&reqm=bitrix.eshop%2Cbitrix.sitecorporate&SUPD_SRS=RU&SUPD_CMP=N
2024-12-11 12:32:15 -  - exec CUpdateClientPartner::GetHTTPPage
2024-12-11 12:32:24 -  - TIME GetUpdatesList(request) 8.661 sec
2024-12-11 12:32:24 -  - exec CUpdateClientPartner::ParseServerData
2024-12-11 12:32:30 -  - exec CUpdateClientPartner::LoadModulesUpdates
2024-12-11 12:32:30 -  - exec CUpdateClientPartner::__CollectRequestData
2024-12-11 12:32:30 -  - utf=Y&lang=ru&stable=Y&CANGZIP=Y&SUPD_DBS=MYSQL&XE=N&CLIENT_SITE=212.164.58.186&LICENSE_KEY=X&SUPD_STS=1&SUPD_URS=0&TYPENC=D&CLIENT_PHPVER=8.2.26&NGINX=Y&dbv=10.11.6&instm=main%2C24.0.796%2CY%3Bsender%2C24.200.0%2CN%3Bim%2C24.900.100%2CN%3Babtest%2C24.100.0%2CN%3Bb24connector%2C24.0.0%2CN%3Bperfmon%2C24.0.0%2CN%3Bblog%2C24.0.0%2CN%3Blists%2C24.400.0%2CN%3Bseo%2C24.300.0%2CN%3Bmail%2C24.300.0%2CN%3Bphotogallery%2C24.100.0%2CN%3Bbizproc%2C24.400.400%2CN%3Bsearch%2C24.0.0%2CN%3Bstatistic%2C24.100.0%2CN%3Bforum%2C24.100.300%2CN%3Bcurrency%2C24.0.0%2CN%3Bbitrix.eshop%2C24.0.0%2CN%3Bform%2C24.0.0%2CN%3Bfileman%2C24.100.0%2CN%3Badvertising%2C24.100.0%2CN%3Bmessageservice%2C24.500.0%2CN%3Bsecurity%2C24.0.0%2CN%3Bui%2C24.300.0%2CN%3Breport%2C24.100.0%2CN%3Bsupport%2C24.100.0%2CN%3Bvote%2C24.0.0%2CN%3Bclouds%2C24.100.0%2CN%3Bpull%2C24.400.100%2CN%3Bbitrix.sitecorporate%2C24.0.0%2CN%3Bcalendar%2C24.50.100%2CN%3Bsocialnetwork%2C24.0.0%2CN%3Btranslate%2C24.0.0%2CN%3Bworkflow%2C24.0.0%2CN%3Bstoreassist%2C24.0.0%2CN%3Blanding%2C24.400.300%2CN%3Bidea%2C24.100.0%2CN%3Bwebservice%2C24.0.0%2CN%3Biblock%2C24.0.200%2CN%3Bbitrixcloud%2C24.0.0%2CN%3Blocation%2C24.100.0%2CN%3Bsubscribe%2C24.0.0%2CN%3Blearning%2C24.300.0%2CN%3Bcatalog%2C24.100.300%2CN%3Bconversion%2C24.0.0%2CN%3Bbizprocdesigner%2C24.400.0%2CN%3Bsocialservices%2C24.0.200%2CN%3Bsale%2C24.200.50%2CN%3Bhighloadblock%2C24.0.201%2CN%3Brest%2C24.500.0%2CN%3Bwiki%2C24.100.0%2CN%3Bmobileapp%2C24.0.0%2CN&reqm=bitrix.eshop%2Cbitrix.sitecorporate&SUPD_SRS=RU&SUPD_CMP=N
2024-12-11 12:32:30 -  - exec CUpdateClientPartner::GetHTTPPage
2024-12-11 12:32:30 -  - TIME LoadModulesUpdates(request) 0.22 sec
2024-12-11 12:32:30 -  - exec CUpdateClientPartner::ParseServerData
2024-12-11 12:32:30 - S - STEP
2024-12-11 12:32:30 - LMU01 - LoadModulesUpdates-Step
2024-12-11 12:32:31 -  - exec CUpdateClientPartner::LoadModulesUpdates
2024-12-11 12:32:31 -  - exec CUpdateClientPartner::ParseServerData
2024-12-11 12:32:31 -  - loadFile
2024-12-11 12:32:31 - U - RETURN
2024-12-11 12:32:31 -  - exec CUpdateClientPartner::UnGzipArchive
2024-12-11 12:32:31 -  - TIME UnGzipArchive 0.011 sec
2024-12-11 12:32:31 - CSURUS1 - Run updater '/bitrix/updates/update_m1733920351/bitrix.eshop/updater24.100.0/index.php'
2024-12-11 12:32:32 -  - TIME UpdateStepModules 0.825 sec
2024-12-11 12:32:32 - UPD_SUCCESS - Updated: bitrix.eshop (24.100.0)<br><li>Актуализированы импортируемые местоположения. <li>Удалены лишние файлы модуля при установке Корпоративного портала. <li>Исправлена ошибка на странице поиска.
2024-12-11 12:32:32 -  - exec CUpdateClientPartner::LoadModulesUpdates
2024-12-11 12:32:32 -  - exec CUpdateClientPartner::__CollectRequestData
2024-12-11 12:32:32 -  - utf=Y&lang=ru&stable=Y&CANGZIP=Y&SUPD_DBS=MYSQL&XE=N&CLIENT_SITE=212.164.58.186&LICENSE_KEY=X&SUPD_STS=1&SUPD_URS=0&TYPENC=D&CLIENT_PHPVER=8.2.26&NGINX=Y&dbv=10.11.6&instm=main%2C24.0.796%2CY%3Bsender%2C24.200.0%2CN%3Bim%2C24.900.100%2CN%3Babtest%2C24.100.0%2CN%3Bb24connector%2C24.0.0%2CN%3Bperfmon%2C24.0.0%2CN%3Bblog%2C24.0.0%2CN%3Blists%2C24.400.0%2CN%3Bseo%2C24.300.0%2CN%3Bmail%2C24.300.0%2CN%3Bphotogallery%2C24.100.0%2CN%3Bbizproc%2C24.400.400%2CN%3Bsearch%2C24.0.0%2CN%3Bstatistic%2C24.100.0%2CN%3Bforum%2C24.100.300%2CN%3Bcurrency%2C24.0.0%2CN%3Bbitrix.eshop%2C24.100.0%2CN%3Bform%2C24.0.0%2CN%3Bfileman%2C24.100.0%2CN%3Badvertising%2C24.100.0%2CN%3Bmessageservice%2C24.500.0%2CN%3Bsecurity%2C24.0.0%2CN%3Bui%2C24.300.0%2CN%3Breport%2C24.100.0%2CN%3Bsupport%2C24.100.0%2CN%3Bvote%2C24.0.0%2CN%3Bclouds%2C24.100.0%2CN%3Bpull%2C24.400.100%2CN%3Bbitrix.sitecorporate%2C24.0.0%2CN%3Bcalendar%2C24.50.100%2CN%3Bsocialnetwork%2C24.0.0%2CN%3Btranslate%2C24.0.0%2CN%3Bworkflow%2C24.0.0%2CN%3Bstoreassist%2C24.0.0%2CN%3Blanding%2C24.400.300%2CN%3Bidea%2C24.100.0%2CN%3Bwebservice%2C24.0.0%2CN%3Biblock%2C24.0.200%2CN%3Bbitrixcloud%2C24.0.0%2CN%3Blocation%2C24.100.0%2CN%3Bsubscribe%2C24.0.0%2CN%3Blearning%2C24.300.0%2CN%3Bcatalog%2C24.100.300%2CN%3Bconversion%2C24.0.0%2CN%3Bbizprocdesigner%2C24.400.0%2CN%3Bsocialservices%2C24.0.200%2CN%3Bsale%2C24.200.50%2CN%3Bhighloadblock%2C24.0.201%2CN%3Brest%2C24.500.0%2CN%3Bwiki%2C24.100.0%2CN%3Bmobileapp%2C24.0.0%2CN&reqm=bitrix.eshop%2Cbitrix.sitecorporate&SUPD_SRS=RU&SUPD_CMP=N
2024-12-11 12:32:32 -  - exec CUpdateClientPartner::GetHTTPPage
2024-12-11 12:32:33 -  - TIME LoadModulesUpdates(request) 0.219 sec
2024-12-11 12:32:33 -  - exec CUpdateClientPartner::ParseServerData
2024-12-11 12:32:33 - STEP - Finish - NOUPDATES
2024-12-11 12:32:33 - STEP - Finish - NOUPDATES
2025-01-30 09:45:11 -  - exec CUpdateClientPartner::GetUpdatesList
2025-01-30 09:45:11 -  - exec CUpdateClientPartner::__CollectRequestData
2025-01-30 09:45:11 -  - utf=Y&lang=ru&stable=Y&CANGZIP=Y&SUPD_DBS=MYSQL&XE=N&CLIENT_SITE=nsk-niit.ru&LICENSE_KEY=X&SUPD_STS=1&SUPD_URS=0&TYPENC=E&CLIENT_PHPVER=8.2.26&NGINX=Y&dbv=10.11.6&instm=main%2C24.200.200%2CN%3Bb24connector%2C24.0.0%2CN%3Bperfmon%2C24.100.0%2CN%3Bblog%2C24.100.0%2CN%3Bseo%2C24.400.0%2CN%3Bphotogallery%2C24.100.0%2CN%3Bsearch%2C24.0.0%2CN%3Bforum%2C24.200.0%2CN%3Bbitrix.eshop%2C24.100.0%2CN%3Bform%2C24.0.0%2CN%3Bfileman%2C24.300.0%2CN%3Bscale%2C21.0.0%2CN%3Bmessageservice%2C24.700.0%2CN%3Bsecurity%2C24.0.100%2CN%3Bui%2C24.800.0%2CN%3Bvote%2C24.0.0%2CN%3Bclouds%2C24.400.0%2CN%3Bbitrix.sitecorporate%2C24.0.0%2CN%3Btranslate%2C24.100.0%2CN%3Blanding%2C24.600.0%2CN%3Biblock%2C24.100.200%2CN%3Bbitrixcloud%2C24.100.0%2CN%3Blocation%2C24.200.0%2CN%3Bsubscribe%2C24.0.0%2CN%3Blondon.setofproperties%2C1.0.3%2CN%3Bsocialservices%2C24.0.200%2CN%3Bhighloadblock%2C24.0.201%2CN%3Brest%2C24.550.100%2CN%3Bmobileapp%2C24.0.0%2CN&reqm=bitrix.eshop%2Cbitrix.sitecorporate%2Clondon.setofproperties&fullmoduleinfo=Y&SUPD_SRS=RU&SUPD_CMP=N
2025-01-30 09:45:11 -  - exec CUpdateClientPartner::GetHTTPPage
2025-01-30 09:45:16 -  - TIME GetUpdatesList(request) 5.321 sec
2025-01-30 09:45:16 -  - exec CUpdateClientPartner::ParseServerData
2025-01-30 09:46:39 -  - exec CUpdateClientPartner::GetUpdatesList
2025-01-30 09:46:39 -  - exec CUpdateClientPartner::__CollectRequestData
2025-01-30 09:46:39 -  - utf=Y&lang=ru&stable=Y&CANGZIP=Y&SUPD_DBS=MYSQL&XE=N&CLIENT_SITE=nsk-niit.ru&LICENSE_KEY=X&SUPD_STS=1&SUPD_URS=0&TYPENC=E&CLIENT_PHPVER=8.2.26&NGINX=Y&dbv=10.11.6&instm=main%2C24.200.200%2CN%3Bb24connector%2C24.0.0%2CN%3Bperfmon%2C24.100.0%2CN%3Bblog%2C24.100.0%2CN%3Bseo%2C24.400.0%2CN%3Bphotogallery%2C24.100.0%2CN%3Bsearch%2C24.0.0%2CN%3Bforum%2C24.200.0%2CN%3Bbitrix.eshop%2C24.100.0%2CN%3Bform%2C24.0.0%2CN%3Bfileman%2C24.300.0%2CN%3Bscale%2C21.0.0%2CN%3Bmessageservice%2C24.700.0%2CN%3Bsecurity%2C24.0.100%2CN%3Bui%2C24.800.0%2CN%3Bvote%2C24.0.0%2CN%3Bclouds%2C24.400.0%2CN%3Bbitrix.sitecorporate%2C24.0.0%2CN%3Btranslate%2C24.100.0%2CN%3Blanding%2C24.600.0%2CN%3Biblock%2C24.100.200%2CN%3Bbitrixcloud%2C24.100.0%2CN%3Blocation%2C24.200.0%2CN%3Bsubscribe%2C24.0.0%2CN%3Blondon.setofproperties%2C1.0.3%2CN%3Bsocialservices%2C24.0.200%2CN%3Bhighloadblock%2C24.0.201%2CN%3Brest%2C24.550.100%2CN%3Bmobileapp%2C24.0.0%2CN&reqm=bitrix.eshop%2Cbitrix.sitecorporate%2Clondon.setofproperties&fullmoduleinfo=Y&SUPD_SRS=RU&SUPD_CMP=N
2025-01-30 09:46:39 -  - exec CUpdateClientPartner::GetHTTPPage
2025-01-30 09:46:44 -  - TIME GetUpdatesList(request) 5.301 sec
2025-01-30 09:46:44 -  - exec CUpdateClientPartner::ParseServerData
2025-01-30 09:46:44 -  - exec CUpdateClientPartner::GetUpdatesList
2025-01-30 09:46:44 -  - exec CUpdateClientPartner::__CollectRequestData
2025-01-30 09:46:44 -  - utf=Y&lang=ru&stable=Y&CANGZIP=Y&SUPD_DBS=MYSQL&XE=N&CLIENT_SITE=nsk-niit.ru&LICENSE_KEY=X&SUPD_STS=1&SUPD_URS=0&TYPENC=E&CLIENT_PHPVER=8.2.26&NGINX=Y&dbv=10.11.6&instm=main%2C24.200.200%2CN%3Bb24connector%2C24.0.0%2CN%3Bperfmon%2C24.100.0%2CN%3Bblog%2C24.100.0%2CN%3Bseo%2C24.400.0%2CN%3Bphotogallery%2C24.100.0%2CN%3Bsearch%2C24.0.0%2CN%3Bforum%2C24.200.0%2CN%3Bbitrix.eshop%2C24.100.0%2CN%3Bform%2C24.0.0%2CN%3Bfileman%2C24.300.0%2CN%3Bscale%2C21.0.0%2CN%3Bmessageservice%2C24.700.0%2CN%3Bsecurity%2C24.0.100%2CN%3Bui%2C24.800.0%2CN%3Bvote%2C24.0.0%2CN%3Bclouds%2C24.400.0%2CN%3Bbitrix.sitecorporate%2C24.0.0%2CN%3Btranslate%2C24.100.0%2CN%3Blanding%2C24.600.0%2CN%3Biblock%2C24.100.200%2CN%3Bbitrixcloud%2C24.100.0%2CN%3Blocation%2C24.200.0%2CN%3Bsubscribe%2C24.0.0%2CN%3Blondon.setofproperties%2C1.0.3%2CN%3Bsocialservices%2C24.0.200%2CN%3Bhighloadblock%2C24.0.201%2CN%3Brest%2C24.550.100%2CN%3Bmobileapp%2C24.0.0%2CN&reqm=bitrix.eshop%2Cbitrix.sitecorporate%2Clondon.setofproperties&fullmoduleinfo=Y&SUPD_SRS=RU&SUPD_CMP=N
2025-01-30 09:46:44 -  - exec CUpdateClientPartner::GetHTTPPage
2025-01-30 09:46:51 -  - TIME GetUpdatesList(request) 7.083 sec
2025-01-30 09:46:51 -  - exec CUpdateClientPartner::ParseServerData
2025-01-30 09:51:00 -  - exec CUpdateClientPartner::GetUpdatesList
2025-01-30 09:51:00 -  - exec CUpdateClientPartner::__CollectRequestData
2025-01-30 09:51:00 -  - utf=Y&lang=ru&stable=Y&CANGZIP=Y&SUPD_DBS=MYSQL&XE=N&CLIENT_SITE=nsk-niit.ru&LICENSE_KEY=X&SUPD_STS=1&SUPD_URS=0&TYPENC=E&CLIENT_PHPVER=8.2.26&NGINX=Y&dbv=10.11.6&instm=main%2C24.200.200%2CN%3Bb24connector%2C24.0.0%2CN%3Bperfmon%2C24.100.0%2CN%3Bblog%2C24.100.0%2CN%3Bseo%2C24.400.0%2CN%3Bphotogallery%2C24.100.0%2CN%3Bsearch%2C24.0.0%2CN%3Bforum%2C24.200.0%2CN%3Bbitrix.eshop%2C24.100.0%2CN%3Bform%2C24.0.0%2CN%3Bfileman%2C24.300.0%2CN%3Bscale%2C21.0.0%2CN%3Badvertising%2C21.100.0%2CN%3Bmessageservice%2C24.700.0%2CN%3Bsecurity%2C24.0.100%2CN%3Bui%2C24.800.0%2CN%3Bvote%2C24.0.0%2CN%3Bclouds%2C24.400.0%2CN%3Bbitrix.sitecorporate%2C24.0.0%2CN%3Btranslate%2C24.100.0%2CN%3Blanding%2C24.600.0%2CN%3Biblock%2C24.100.200%2CN%3Bbitrixcloud%2C24.100.0%2CN%3Blocation%2C24.200.0%2CN%3Bsubscribe%2C24.0.0%2CN%3Blondon.setofproperties%2C1.0.3%2CN%3Bsocialservices%2C24.0.200%2CN%3Bhighloadblock%2C24.0.201%2CN%3Brest%2C24.550.100%2CN%3Bmobileapp%2C24.0.0%2CN&reqm=bitrix.eshop%2Cbitrix.sitecorporate%2Clondon.setofproperties&fullmoduleinfo=Y&SUPD_SRS=RU&SUPD_CMP=N
2025-01-30 09:51:00 -  - exec CUpdateClientPartner::GetHTTPPage
2025-01-30 09:51:05 -  - TIME GetUpdatesList(request) 5.325 sec
2025-01-30 09:51:05 -  - exec CUpdateClientPartner::ParseServerData
2025-01-30 09:51:16 -  - exec CUpdateClientPartner::GetUpdatesList
2025-01-30 09:51:16 -  - exec CUpdateClientPartner::__CollectRequestData
2025-01-30 09:51:16 -  - utf=Y&lang=ru&stable=Y&CANGZIP=Y&SUPD_DBS=MYSQL&XE=N&CLIENT_SITE=nsk-niit.ru&LICENSE_KEY=X&SUPD_STS=1&SUPD_URS=0&TYPENC=E&CLIENT_PHPVER=8.2.26&NGINX=Y&dbv=10.11.6&instm=main%2C24.200.200%2CN%3Bb24connector%2C24.0.0%2CN%3Bperfmon%2C24.100.0%2CN%3Bblog%2C24.100.0%2CN%3Bseo%2C24.400.0%2CN%3Bphotogallery%2C24.100.0%2CN%3Bsearch%2C24.0.0%2CN%3Bforum%2C24.200.0%2CN%3Bbitrix.eshop%2C24.100.0%2CN%3Bform%2C24.0.0%2CN%3Bfileman%2C24.300.0%2CN%3Bscale%2C21.0.0%2CN%3Badvertising%2C21.100.0%2CN%3Bmessageservice%2C24.700.0%2CN%3Bsecurity%2C24.0.100%2CN%3Bui%2C24.800.0%2CN%3Bvote%2C24.0.0%2CN%3Bclouds%2C24.400.0%2CN%3Bbitrix.sitecorporate%2C24.0.0%2CN%3Btranslate%2C24.100.0%2CN%3Blanding%2C24.600.0%2CN%3Biblock%2C24.100.200%2CN%3Bbitrixcloud%2C24.100.0%2CN%3Blocation%2C24.200.0%2CN%3Bsubscribe%2C24.0.0%2CN%3Blondon.setofproperties%2C1.0.3%2CN%3Bsocialservices%2C24.0.200%2CN%3Bhighloadblock%2C24.0.201%2CN%3Brest%2C24.550.100%2CN%3Bmobileapp%2C24.0.0%2CN&reqm=bitrix.eshop%2Cbitrix.sitecorporate%2Clondon.setofproperties&fullmoduleinfo=Y&SUPD_SRS=RU&SUPD_CMP=N
2025-01-30 09:51:16 -  - exec CUpdateClientPartner::GetHTTPPage
2025-01-30 09:51:24 -  - TIME GetUpdatesList(request) 8.155 sec
2025-01-30 09:51:24 -  - exec CUpdateClientPartner::ParseServerData
2025-01-30 09:51:30 -  - exec CUpdateClientPartner::GetUpdatesList
2025-01-30 09:51:30 -  - exec CUpdateClientPartner::__CollectRequestData
2025-01-30 09:51:30 -  - utf=Y&lang=ru&stable=Y&CANGZIP=Y&SUPD_DBS=MYSQL&XE=N&CLIENT_SITE=nsk-niit.ru&LICENSE_KEY=X&SUPD_STS=1&SUPD_URS=0&TYPENC=E&CLIENT_PHPVER=8.2.26&NGINX=Y&dbv=10.11.6&instm=main%2C24.200.200%2CN%3Bb24connector%2C24.0.0%2CN%3Bperfmon%2C24.100.0%2CN%3Bblog%2C24.100.0%2CN%3Bseo%2C24.400.0%2CN%3Bphotogallery%2C24.100.0%2CN%3Bsearch%2C24.0.0%2CN%3Bforum%2C24.200.0%2CN%3Bbitrix.eshop%2C24.100.0%2CN%3Bform%2C24.0.0%2CN%3Bfileman%2C24.300.0%2CN%3Bscale%2C21.0.0%2CN%3Badvertising%2C21.100.0%2CN%3Bmessageservice%2C24.700.0%2CN%3Bsecurity%2C24.0.100%2CN%3Bui%2C24.800.0%2CN%3Bvote%2C24.0.0%2CN%3Bclouds%2C24.400.0%2CN%3Bbitrix.sitecorporate%2C24.0.0%2CN%3Btranslate%2C24.100.0%2CN%3Blanding%2C24.600.0%2CN%3Biblock%2C24.100.200%2CN%3Bbitrixcloud%2C24.100.0%2CN%3Blocation%2C24.200.0%2CN%3Bsubscribe%2C24.0.0%2CN%3Blondon.setofproperties%2C1.0.3%2CN%3Bsocialservices%2C24.0.200%2CN%3Bhighloadblock%2C24.0.201%2CN%3Brest%2C24.550.100%2CN%3Bmobileapp%2C24.0.0%2CN&reqm=bitrix.eshop%2Cbitrix.sitecorporate%2Clondon.setofproperties&fullmoduleinfo=Y&SUPD_SRS=RU&SUPD_CMP=N
2025-01-30 09:51:30 -  - exec CUpdateClientPartner::GetHTTPPage
2025-01-30 09:51:30 -  - TIME GetUpdatesList(request) 0.311 sec
2025-01-30 09:51:30 -  - exec CUpdateClientPartner::ParseServerData
2025-01-30 09:53:35 -  - exec CUpdateClientPartner::GetUpdatesList
2025-01-30 09:53:35 -  - exec CUpdateClientPartner::__CollectRequestData
2025-01-30 09:53:35 -  - utf=Y&lang=ru&stable=Y&CANGZIP=Y&SUPD_DBS=MYSQL&XE=N&CLIENT_SITE=nsk-niit.ru&LICENSE_KEY=X&SUPD_STS=1&SUPD_URS=0&TYPENC=E&CLIENT_PHPVER=8.2.26&NGINX=Y&dbv=10.11.6&instm=main%2C24.200.200%2CN%3Bb24connector%2C24.0.0%2CN%3Bperfmon%2C24.100.0%2CN%3Bblog%2C24.100.0%2CN%3Bseo%2C24.400.0%2CN%3Bphotogallery%2C24.100.0%2CN%3Bsearch%2C24.0.0%2CN%3Bforum%2C24.200.0%2CN%3Bbitrix.eshop%2C24.100.0%2CN%3Bform%2C24.0.0%2CN%3Bfileman%2C24.300.0%2CN%3Bscale%2C21.0.0%2CN%3Badvertising%2C21.100.0%2CN%3Bmessageservice%2C24.700.0%2CN%3Bsecurity%2C24.0.100%2CN%3Bui%2C24.800.0%2CN%3Bvote%2C24.0.0%2CN%3Bclouds%2C24.400.0%2CN%3Bbitrix.sitecorporate%2C24.0.0%2CN%3Btranslate%2C24.100.0%2CN%3Blanding%2C24.600.0%2CN%3Biblock%2C24.100.200%2CN%3Bbitrixcloud%2C24.100.0%2CN%3Blocation%2C24.200.0%2CN%3Bsubscribe%2C24.0.0%2CN%3Blondon.setofproperties%2C1.0.3%2CN%3Bsocialservices%2C24.0.200%2CN%3Basd.iblock%2C4.7.7%2CN%3Bhighloadblock%2C24.0.201%2CN%3Brest%2C24.550.100%2CN%3Bmobileapp%2C24.0.0%2CN&reqm=bitrix.eshop%2Cbitrix.sitecorporate%2Clondon.setofproperties%2Casd.iblock&fullmoduleinfo=Y&SUPD_SRS=RU&SUPD_CMP=N
2025-01-30 09:53:35 -  - exec CUpdateClientPartner::GetHTTPPage
2025-01-30 09:53:43 -  - TIME GetUpdatesList(request) 7.512 sec
2025-01-30 09:53:43 -  - exec CUpdateClientPartner::ParseServerData
2025-01-30 09:53:48 -  - exec CUpdateClientPartner::GetUpdatesList
2025-01-30 09:53:48 -  - exec CUpdateClientPartner::__CollectRequestData
2025-01-30 09:53:48 -  - utf=Y&lang=ru&stable=Y&CANGZIP=Y&SUPD_DBS=MYSQL&XE=N&CLIENT_SITE=nsk-niit.ru&LICENSE_KEY=X&SUPD_STS=1&SUPD_URS=0&TYPENC=E&CLIENT_PHPVER=8.2.26&NGINX=Y&dbv=10.11.6&instm=main%2C24.200.200%2CN%3Bb24connector%2C24.0.0%2CN%3Bperfmon%2C24.100.0%2CN%3Bblog%2C24.100.0%2CN%3Bseo%2C24.400.0%2CN%3Bphotogallery%2C24.100.0%2CN%3Bsearch%2C24.0.0%2CN%3Bforum%2C24.200.0%2CN%3Bbitrix.eshop%2C24.100.0%2CN%3Bform%2C24.0.0%2CN%3Bfileman%2C24.300.0%2CN%3Bscale%2C21.0.0%2CN%3Badvertising%2C21.100.0%2CN%3Bmessageservice%2C24.700.0%2CN%3Bsecurity%2C24.0.100%2CN%3Bui%2C24.800.0%2CN%3Bvote%2C24.0.0%2CN%3Bclouds%2C24.400.0%2CN%3Bbitrix.sitecorporate%2C24.0.0%2CN%3Btranslate%2C24.100.0%2CN%3Blanding%2C24.600.0%2CN%3Biblock%2C24.100.200%2CN%3Bbitrixcloud%2C24.100.0%2CN%3Blocation%2C24.200.0%2CN%3Bsubscribe%2C24.0.0%2CN%3Blondon.setofproperties%2C1.0.3%2CN%3Bsocialservices%2C24.0.200%2CN%3Basd.iblock%2C4.7.7%2CN%3Bhighloadblock%2C24.0.201%2CN%3Brest%2C24.550.100%2CN%3Bmobileapp%2C24.0.0%2CN&reqm=bitrix.eshop%2Cbitrix.sitecorporate%2Clondon.setofproperties%2Casd.iblock&fullmoduleinfo=Y&SUPD_SRS=RU&SUPD_CMP=N
2025-01-30 09:53:48 -  - exec CUpdateClientPartner::GetHTTPPage
2025-01-30 09:53:48 -  - TIME GetUpdatesList(request) 0.23 sec
2025-01-30 09:53:48 -  - exec CUpdateClientPartner::ParseServerData
2025-01-30 09:53:50 -  - exec CUpdateClientPartner::GetUpdatesList
2025-01-30 09:53:50 -  - exec CUpdateClientPartner::__CollectRequestData
2025-01-30 09:53:50 -  - utf=Y&lang=ru&stable=Y&CANGZIP=Y&SUPD_DBS=MYSQL&XE=N&CLIENT_SITE=nsk-niit.ru&LICENSE_KEY=X&SUPD_STS=1&SUPD_URS=0&TYPENC=E&CLIENT_PHPVER=8.2.26&NGINX=Y&dbv=10.11.6&instm=main%2C24.200.200%2CN%3Bb24connector%2C24.0.0%2CN%3Bperfmon%2C24.100.0%2CN%3Bblog%2C24.100.0%2CN%3Bseo%2C24.400.0%2CN%3Bphotogallery%2C24.100.0%2CN%3Bsearch%2C24.0.0%2CN%3Bforum%2C24.200.0%2CN%3Bbitrix.eshop%2C24.100.0%2CN%3Bform%2C24.0.0%2CN%3Bfileman%2C24.300.0%2CN%3Bscale%2C21.0.0%2CN%3Badvertising%2C21.100.0%2CN%3Bmessageservice%2C24.700.0%2CN%3Bsecurity%2C24.0.100%2CN%3Bui%2C24.800.0%2CN%3Bvote%2C24.0.0%2CN%3Bclouds%2C24.400.0%2CN%3Bbitrix.sitecorporate%2C24.0.0%2CN%3Btranslate%2C24.100.0%2CN%3Blanding%2C24.600.0%2CN%3Biblock%2C24.100.200%2CN%3Bbitrixcloud%2C24.100.0%2CN%3Blocation%2C24.200.0%2CN%3Bsubscribe%2C24.0.0%2CN%3Blondon.setofproperties%2C1.0.3%2CN%3Bsocialservices%2C24.0.200%2CN%3Basd.iblock%2C4.7.7%2CN%3Bhighloadblock%2C24.0.201%2CN%3Brest%2C24.550.100%2CN%3Bmobileapp%2C24.0.0%2CN&reqm=bitrix.eshop%2Cbitrix.sitecorporate%2Clondon.setofproperties%2Casd.iblock&fullmoduleinfo=Y&SUPD_SRS=RU&SUPD_CMP=N
2025-01-30 09:53:50 -  - exec CUpdateClientPartner::GetHTTPPage
2025-01-30 09:53:50 -  - TIME GetUpdatesList(request) 0.219 sec
2025-01-30 09:53:50 -  - exec CUpdateClientPartner::ParseServerData
2025-04-20 15:16:48 -  - exec CUpdateClientPartner::GetUpdatesList
2025-04-20 15:16:48 -  - exec CUpdateClientPartner::__CollectRequestData
2025-04-20 15:16:48 -  - utf=Y&lang=ru&stable=Y&CANGZIP=Y&SUPD_DBS=MYSQL&XE=N&CLIENT_SITE=nsk-niit.local&LICENSE_KEY=X&SUPD_STS=1&SUPD_URS=0&TYPENC=E&CLIENT_PHPVER=8.2.26&NGINX=Y&dbv=10.11.6&instm=main%2C24.200.200%2CN%3Bb24connector%2C24.0.0%2CN%3Bperfmon%2C24.100.0%2CN%3Bblog%2C24.100.0%2CN%3Bseo%2C24.400.0%2CN%3Bphotogallery%2C24.100.0%2CN%3Bsearch%2C24.0.0%2CN%3Bforum%2C24.200.0%2CN%3Bbitrix.eshop%2C24.100.0%2CN%3Bform%2C24.0.0%2CN%3Bfileman%2C24.300.0%2CN%3Bscale%2C21.0.0%2CN%3Badvertising%2C21.100.0%2CN%3Bmessageservice%2C24.700.0%2CN%3Bsecurity%2C24.0.100%2CN%3Bui%2C24.800.0%2CN%3Bvote%2C24.0.0%2CN%3Bclouds%2C24.400.0%2CN%3Bbitrix.sitecorporate%2C24.0.0%2CN%3Btranslate%2C24.100.0%2CN%3Blanding%2C24.600.0%2CN%3Biblock%2C24.100.200%2CN%3Bbitrixcloud%2C24.100.0%2CN%3Blocation%2C24.200.0%2CN%3Bsubscribe%2C24.0.0%2CN%3Blondon.setofproperties%2C1.0.3%2CN%3Bsocialservices%2C24.0.200%2CN%3Basd.iblock%2C4.7.7%2CN%3Bhighloadblock%2C24.0.201%2CN%3Brest%2C24.550.100%2CN%3Bmobileapp%2C24.0.0%2CN&reqm=bitrix.eshop%2Cbitrix.sitecorporate%2Clondon.setofproperties%2Casd.iblock&fullmoduleinfo=Y&SUPD_SRS=RU&SUPD_CMP=N
2025-04-20 15:16:48 -  - exec CUpdateClientPartner::GetHTTPPage
2025-04-20 15:16:48 - ERRCONN - Error connecting to www.1c-bitrix.ru: [0] php_network_getaddresses: getaddrinfo for www.1c-bitrix.ru failed: Temporary failure in name resolution
2025-04-20 15:16:48 -  - TIME GetUpdatesList(request) 0.019 sec
2025-04-20 15:16:48 - GUL02 - Ошибка соединения с сервером обновлений: [0] php_network_getaddresses: getaddrinfo for www.1c-bitrix.ru failed: Temporary failure in name resolution. Нет соединения с сервером обновлений. 
